<?xml version="1.0" encoding="UTF-8"?>
<!-- Generated by org.testng.reporters.JUnitReportReporter -->
<testsuite hostname="LAPTOP-10210QQU" failures="0" tests="3" name="com.amazonShopping.testClasses.TC_AmazonTests_001" time="46.340" errors="0" timestamp="2023-04-26T16:03:59 IST" skipped="0">
  <testcase classname="com.amazonShopping.testClasses.TC_AmazonTests_001" name="logOut" time="1.456"/>
  <system-out/>
  <testcase classname="com.amazonShopping.testClasses.TC_AmazonTests_001" name="loginTest" time="1.975"/>
  <system-out/>
  <testcase classname="com.amazonShopping.testClasses.TC_AmazonTests_001" name="nevigateToAccessories" time="42.909"/>
  <system-out/>
</testsuite> <!-- com.amazonShopping.testClasses.TC_AmazonTests_001 -->
